Arguments: 
  /usr/bin/node /usr/share/yarn/bin/yarn.js add typescript --dev

PATH: 
  /home/jospow/.yarn/bin:/usr/local/bin:/usr/bin:/bin:/usr/local/games:/usr/games:/opt/mssql-tools/bin:/opt/mssql-tools/bin:~/.poetry/bin

Yarn version: 
  1.22.5

Node version: 
  14.15.0

Platform: 
  linux x64

Trace: 
  Error: getaddrinfo EAI_AGAIN registry.yarnpkg.com
      at GetAddrInfoReqWrap.onlookup [as oncomplete] (dns.js:67:26)

npm manifest: 
  {
    "name": "adventOfCode",
    "version": "1.0.0",
    "main": "index.js",
    "license": "MIT"
  }

yarn manifest: 
  No manifest

Lockfile: 
  No lockfile
